android/app/build/intermediates/manifest_merge_blame_file/release/manifest-merger-blame-release-report.txt
1<?xml version="1.0" encoding="utf-8"?>
2<manifest xmlns:android="http://schemas.android.com/apk/res/android"
3    package="com.cgv"
4    android:versionCode="1"
5    android:versionName="1.0" >
6
7    <uses-sdk
8        android:minSdkVersion="21"
8-->src/main/AndroidManifest.xml
9        android:targetSdkVersion="30" />
9-->src/main/AndroidManifest.xml
10
11    <uses-permission android:name="android.permission.INTERNET" />
11-->src/main/AndroidManifest.xml:3:3-64
11-->src/main/AndroidManifest.xml:3:20-62
12
13    <application
13-->src/main/AndroidManifest.xml:4:3-11:17
14        android:name="com.cgv.MainApplication"
14-->src/main/AndroidManifest.xml:4:16-47
15        android:allowBackup="false"
15-->src/main/AndroidManifest.xml:4:162-189
16        android:appComponentFactory="androidx.core.app.CoreComponentFactory"
16-->[androidx.core:core:1.1.0] AndroidManifest.xml:24:18-86
17        android:icon="@mipmap/ic_launcher"
17-->src/main/AndroidManifest.xml:4:81-115
18        android:label="@string/app_name"
18-->src/main/AndroidManifest.xml:4:48-80
19        android:roundIcon="@mipmap/ic_launcher_round"
19-->src/main/AndroidManifest.xml:4:116-161
20        android:theme="@style/AppTheme"
20-->src/main/AndroidManifest.xml:4:190-221
21        android:usesCleartextTraffic="true" >
21-->src/main/AndroidManifest.xml:4:222-257
22        <activity
22-->src/main/AndroidManifest.xml:5:5-10:16
23            android:name="com.cgv.MainActivity"
23-->src/main/AndroidManifest.xml:5:15-43
24            android:configChanges="keyboard|keyboardHidden|orientation|screenSize|uiMode"
24-->src/main/AndroidManifest.xml:5:77-154
25            android:label="@string/app_name"
25-->src/main/AndroidManifest.xml:5:44-76
26            android:launchMode="singleTask"
26-->src/main/AndroidManifest.xml:5:155-186
27            android:windowSoftInputMode="adjustResize" >
27-->src/main/AndroidManifest.xml:5:187-229
28            <intent-filter>
28-->src/main/AndroidManifest.xml:6:7-9:23
29                <action android:name="android.intent.action.MAIN" />
29-->src/main/AndroidManifest.xml:7:9-60
29-->src/main/AndroidManifest.xml:7:17-58
30
31                <category android:name="android.intent.category.LAUNCHER" />
31-->src/main/AndroidManifest.xml:8:9-68
31-->src/main/AndroidManifest.xml:8:19-66
32            </intent-filter>
33        </activity>
34        <activity android:name="com.facebook.react.devsupport.DevSettingsActivity" />
34-->[:cpcn-react-native] AndroidManifest.xml:12:9-86
34-->[:cpcn-react-native] AndroidManifest.xml:12:19-83
35    </application>
36
37</manifest>